[14:53:16] [Server thread/INFO]: Starting minecraft server version 1.8.8
[14:53:16] [Server thread/INFO]: Loading properties
[14:53:16] [Server thread/INFO]: Default game type: SURVIVAL
[14:53:16] [Server thread/INFO]: Generating keypair
[14:53:16] [Server thread/INFO]: Starting Minecraft server on 127.0.0.1:25571
[14:53:16] [Server thread/INFO]: Using default channel type
[14:53:17] [Server thread/INFO]: This server is running CraftBukkit version git-Bukkit-18fbb24 (MC: 1.8.8) (Implementing API version 1.8.8-R0.1-SNAPSHOT)
[14:53:18] [Server thread/INFO]: [PermissionsEx] sql backend registered!
[14:53:18] [Server thread/INFO]: [PermissionsEx] file backend registered!
[14:53:18] [Server thread/INFO]: [PermissionsEx] PermissionEx plugin initialized.
[14:53:18] [Server thread/INFO]: [INFO][NoCheatPlus] Thu Oct 11 14:53:18 YEKT 2018
[14:53:18] [Server thread/INFO]: Player instances are stored for efficiency.
[14:53:18] [Server thread/INFO]: [AutoSaveWorld] Loading AutoSaveWorld v3.9
[14:53:18] [Server thread/INFO]: [SkinsRestorer] Loading SkinsRestorer v10.8
[14:53:18] [Server thread/INFO]: [WorldEdit] Loading WorldEdit v5.5.8-SNAPSHOT
[14:53:18] [Server thread/INFO]: [SmokeTrail] Loading SmokeTrail v8.0
[14:53:18] [Server thread/INFO]: [AntiAd] Loading AntiAd v2.1
[14:53:18] [Server thread/INFO]: [Essentials] Loading Essentials vTeamCity
[14:53:18] [Server thread/INFO]: [ClearLag] Loading ClearLag v2.5.2
[14:53:18] [Server thread/INFO]: [PermissionsEx] Loading PermissionsEx v1.19.5
[14:53:18] [Server thread/INFO]: [PermissionsEx] Initializing file backend
[14:53:18] [Server thread/INFO]: Permissions file successfully reloaded
[14:53:18] [Server thread/INFO]: [AutoMessage] Loading AutoMessage v2.0.5
[14:53:18] [Server thread/INFO]: [NoWither] Loading NoWither v1.2
[14:53:18] [Server thread/INFO]: [SolarApocalypse] Loading SolarApocalypse v2.3.4
[14:53:18] [Server thread/INFO]: [ViaVersion] Loading ViaVersion v1.5.2
[14:53:18] [Server thread/INFO]: [ViaVersion] ViaVersion 1.5.2 is now loaded, injecting!
[14:53:19] [Server thread/INFO]: [ViaVersion] Loading block mapping...
[14:53:20] [Server thread/INFO]: [ViaVersion] Loading item mapping...
[14:53:20] [Server thread/INFO]: [ViaVersion] Loading new tags...
[14:53:20] [Server thread/INFO]: [ViaVersion] Loading enchantments...
[14:53:20] [Server thread/INFO]: [ViaVersion] Loading sound mapping...
[14:53:20] [Server thread/INFO]: [Vault] Loading Vault v1.2.25-b320
[14:53:20] [Server thread/INFO]: [HideStream] Loading HideStream v3.8
[14:53:20] [Server thread/INFO]: [UralClans] Loading UralClans v1.0
[14:53:20] [Server thread/INFO]: [ChatManager] Loading ChatManager v1.19.1
[14:53:20] [Server thread/INFO]: [EssentialsSpawn] Loading EssentialsSpawn vTeamCity
[14:53:20] [Server thread/INFO]: [ProtocolLib] Loading ProtocolLib v3.7-SNAPSHOT-b234
[14:53:20] [Server thread/INFO]: [WorldGuard] Loading WorldGuard v5.7.5
[14:53:20] [Server thread/INFO]: [NoCheatPlus] Loading NoCheatPlus v3.13.8-SNAPSHOT-sMD5NET-b930
[14:53:20] [Server thread/INFO]: onLoad: Early set up of static API, configuration, logging.
[14:53:21] [Server thread/INFO]: [NoCheatPlus] Logging system initialized.
[14:53:21] [Server thread/INFO]: [NoCheatPlus] Detected Minecraft version: 1.8.8
[14:53:21] [Server thread/INFO]: [ColoredTags] Loading ColoredTags v2.1.3
[14:53:21] [Server thread/INFO]: [ChestCommands] Loading ChestCommands v3.1.4
[14:53:21] [Server thread/INFO]: [LimitedWorldEdit] Loading LimitedWorldEdit v0.3
[14:53:21] [Server thread/INFO]: [SkinsRestorer] Enabling SkinsRestorer v10.8
[14:53:21] [Server thread/INFO]: ----------------------------
[14:53:21] [Server thread/INFO]:   SkinsRestorer Updater
[14:53:21] [Server thread/INFO]:  
[14:53:21] [Server thread/INFO]: Could not connect to spigotmc.org
[14:53:21] [Server thread/INFO]: to check for updates! 
[14:53:21] [Server thread/INFO]:  
[14:53:21] [Server thread/INFO]: ----------------------------
[14:53:21] [Server thread/ERROR]: Error occurred while enabling SkinsRestorer v10.8 (Is it up to date?)
java.lang.NullPointerException
	at skinsrestorer.bukkit.SkinsRestorer.onEnable(SkinsRestorer.java:89) ~[?:?]
	at org.bukkit.plugin.java.JavaPlugin.setEnabled(JavaPlugin.java:321) ~[spigot.jar:git-Bukkit-18fbb24]
	at org.bukkit.plugin.java.JavaPluginLoader.enablePlugin(JavaPluginLoader.java:332) [spigot.jar:git-Bukkit-18fbb24]
	at org.bukkit.plugin.SimplePluginManager.enablePlugin(SimplePluginManager.java:404) [spigot.jar:git-Bukkit-18fbb24]
	at org.bukkit.craftbukkit.v1_8_R3.CraftServer.loadPlugin(CraftServer.java:342) [spigot.jar:git-Bukkit-18fbb24]
	at org.bukkit.craftbukkit.v1_8_R3.CraftServer.enablePlugins(CraftServer.java:314) [spigot.jar:git-Bukkit-18fbb24]
	at org.bukkit.craftbukkit.v1_8_R3.CraftServer.<init>(CraftServer.java:252) [spigot.jar:git-Bukkit-18fbb24]
	at net.minecraft.server.v1_8_R3.PlayerList.<init>(PlayerList.java:69) [spigot.jar:git-Bukkit-18fbb24]
	at net.minecraft.server.v1_8_R3.DedicatedPlayerList.<init>(SourceFile:14) [spigot.jar:git-Bukkit-18fbb24]
	at net.minecraft.server.v1_8_R3.DedicatedServer.init(DedicatedServer.java:179) [spigot.jar:git-Bukkit-18fbb24]
	at net.minecraft.server.v1_8_R3.MinecraftServer.run(MinecraftServer.java:504) [spigot.jar:git-Bukkit-18fbb24]
	at java.lang.Thread.run(Unknown Source) [?:1.8.0_181]
[14:53:21] [Server thread/INFO]: [Vault] Enabling Vault v1.2.25-b320
[14:53:21] [Server thread/INFO]: [Vault][Economy] Essentials Economy found: Waiting
[14:53:21] [Server thread/INFO]: [Vault][Permission] PermissionsEx found: Waiting
[14:53:21] [Server thread/INFO]: [Vault][Permission] SuperPermissions loaded as backup permission system.
[14:53:21] [Server thread/INFO]: [Vault][Chat] PermissionsEx found: Waiting
[14:53:21] [Server thread/INFO]: [Vault] Enabled Version 1.2.25-b320
[14:53:21] [Server thread/INFO]: [Vault][Economy] Essentials Economy hooked.
[14:53:21] [Server thread/INFO]: [Vault][Permission] PermissionsEx hooked.
[14:53:21] [Server thread/INFO]: [ProtocolLib] Enabling ProtocolLib v3.7-SNAPSHOT-b234
[14:53:21] [Server thread/INFO]: [ProtocolLib] Started structure compiler thread.
[14:53:21] [Server thread/WARN]: **** SERVER IS RUNNING IN OFFLINE/INSECURE MODE!
[14:53:21] [Server thread/WARN]: The server will make no attempt to authenticate usernames. Beware.
[14:53:21] [Server thread/WARN]: While this makes the game possible to play without internet access, it also opens up the ability for hackers to connect with any username they choose.
[14:53:21] [Server thread/WARN]: To change this, set "online-mode" to "true" in the server.properties file.
[14:53:21] [Server thread/INFO]: Preparing level "world"
[14:53:21] [Server thread/INFO]: Preparing start region for level 0 (Seed: -3137100780813994083)
[14:53:22] [Server thread/INFO]: Preparing spawn area: 11%
[14:53:23] [Server thread/INFO]: [AutoSaveWorld] Enabling AutoSaveWorld v3.9
[14:53:23] [Server thread/INFO]: [AutoSaveWorld] Version 3.9 is enabled: 858d0089-f0fa-494a-ac20-ce56f3df69a7
[14:53:23] [Server thread/INFO]: [WorldEdit] Enabling WorldEdit v5.5.8-SNAPSHOT
[14:53:23] [Thread-8/INFO]: [AutoSaveWorld] AutoSaveThread Started: Interval is 300 seconds, Warn Times are 0
[14:53:23] [Thread-9/INFO]: [AutoSaveWorld] AutoBackupThread Started: Interval is 21600 seconds, Warn Times are 0
[14:53:23] [Server thread/INFO]: WEPIF: Using the Bukkit Permissions API.
[14:53:24] [Server thread/INFO]: [SmokeTrail] Enabling SmokeTrail v8.0
[14:53:24] [Server thread/INFO]: [Smoke Trail]  is now enabled!
[14:53:24] [Server thread/WARN]: [SmokeTrail] Could not save config.yml to plugins\SmokeTrail\config.yml because config.yml already exists.
[14:53:24] [Server thread/INFO]: Smoke Trail Metrics loaded
[14:53:24] [Server thread/INFO]: [AntiAd] Enabling AntiAd v2.1
[14:53:24] [Server thread/WARN]: [AntiAd] Your config contains a error with the langugage (it isn't a valid languge)
[14:53:24] [Server thread/INFO]: [AntiAd] AntiAd Version 2.1 is now Enabled
[14:53:24] [Server thread/INFO]: [Essentials] Enabling Essentials vTeamCity
[14:53:24] [Server thread/INFO]: Версия Bukkit изменена. Версия не проверяется
[14:53:24] [Server thread/INFO]: git-Bukkit-18fbb24 (MC: 1.8.8)
[14:53:24] [Server thread/INFO]: 1.8.8-R0.1-SNAPSHOT
[14:53:24] [Server thread/INFO]: Using locale ru
[14:53:24] [Server thread/INFO]: Using locale ru
[14:53:24] [Server thread/INFO]: Essentials: Using config file enhanced permissions.
[14:53:24] [Server thread/INFO]: Permissions listed in as player-commands will be given to all users.
[14:53:24] [Server thread/INFO]: [ClearLag] Enabling ClearLag v2.5.2
[14:53:24] [Server thread/INFO]: [ClearLag] Clearlag has been enabled!
[14:53:24] [Server thread/INFO]: [PermissionsEx] Enabling PermissionsEx v1.19.5
[14:53:24] [Server thread/INFO]: [PermissionsEx] Superperms support enabled.
[14:53:24] [Server thread/INFO]: [PermissionsEx] v1.19.5 enabled
[14:53:24] [Server thread/INFO]: WEPIF: PermissionsEx detected! Using PermissionsEx for permissions.
[14:53:24] [Server thread/INFO]: [Vault][Chat] PermissionsEx_Chat hooked.
[14:53:24] [Server thread/INFO]: Essentials: Using PermissionsEx based permissions.
[14:53:24] [Server thread/INFO]: [AutoMessage] Enabling AutoMessage v2.0.5
[14:53:24] [Server thread/INFO]: [NoWither] Enabling NoWither v1.2
[14:53:24] [Server thread/INFO]: [NoWither] NoWither has been enabled.
[14:53:24] [Server thread/INFO]: [SolarApocalypse] Enabling SolarApocalypse v2.3.4
[14:53:25] [Server thread/INFO]: Preparing start region for level 1 (Seed: -3137100780813994083)
[14:53:26] [Server thread/INFO]: Preparing spawn area for world_ApocRegrow, 24%
[14:53:27] [Server thread/INFO]: Preparing spawn area for world_ApocRegrow, 65%
[14:53:28] [Server thread/INFO]: SolarApocalypse trying to restart world - 100003
[14:53:28] [Server thread/INFO]: [ViaVersion] Enabling ViaVersion v1.5.2
[14:53:28] [Server thread/INFO]: [ViaVersion] You have anti-xray on in your config, since you're not using spigot it won't fix xray!
[14:53:28] [Server thread/INFO]: [HideStream] Enabling HideStream v3.8
[14:53:28] [Server thread/INFO]: [HideStream] Version 3.8 enabled.
[14:53:28] [Server thread/INFO]: [UralClans] Enabling UralClans v1.0
[14:53:28] [Server thread/INFO]: [0;32;1m[UralClans] Соединение с базой данных успешно установлено.[m
[14:53:28] [Server thread/INFO]: [0;32;1m[UralClans] База кланов загружена. (0)[m
[14:53:28] [Server thread/INFO]: [0;32;1m[UralClans]  - База игроков загружена. (0)[m
[14:53:28] [Server thread/INFO]: [0;32;1m[UralClans] Плагин включен. ([0;33;1m140 ms[0;32;1m)[m
[14:53:28] [Server thread/INFO]: [ChatManager] Enabling ChatManager v1.19.1
[14:53:28] [Server thread/INFO]: [ChatManager] ChatManager enabled!
[14:53:28] [Server thread/INFO]: [EssentialsSpawn] Enabling EssentialsSpawn vTeamCity
[14:53:28] [Server thread/INFO]: [WorldGuard] Enabling WorldGuard v5.7.5
[14:53:28] [Server thread/INFO]: [WorldGuard] (world) TNT ignition is PERMITTED.
[14:53:28] [Server thread/INFO]: [WorldGuard] (world) Lighters are PERMITTED.
[14:53:28] [Server thread/INFO]: [WorldGuard] (world) Lava fire is blocked.
[14:53:28] [Server thread/INFO]: [WorldGuard] (world) Fire spread is UNRESTRICTED.
[14:53:28] [Server thread/INFO]: [WorldGuard] Loaded configuration for world 'world'
[14:53:28] [Server thread/INFO]: [WorldGuard] (world_ApocRegrow) TNT ignition is PERMITTED.
[14:53:28] [Server thread/INFO]: [WorldGuard] (world_ApocRegrow) Lighters are PERMITTED.
[14:53:28] [Server thread/INFO]: [WorldGuard] (world_ApocRegrow) Lava fire is blocked.
[14:53:28] [Server thread/INFO]: [WorldGuard] (world_ApocRegrow) Fire spread is UNRESTRICTED.
[14:53:28] [Server thread/INFO]: [WorldGuard] Loaded configuration for world 'world_ApocRegrow'
[14:53:28] [Server thread/INFO]: [WorldGuard] 1 regions loaded for 'world'
[14:53:28] [Server thread/INFO]: [WorldGuard] 0 regions loaded for 'world_ApocRegrow'
[14:53:28] [Server thread/INFO]: [NoCheatPlus] Enabling NoCheatPlus v3.13.8-SNAPSHOT-sMD5NET-b930
[14:53:28] [Server thread/INFO]: [NoCheatPlus] McAccess set to: 1.8.4-1.8.8 / Spigot-CB-1.8_R3
[14:53:28] [Server thread/INFO]: [NoCheatPlus] Added block-info for Minecraft 1.5 blocks.
[14:53:28] [Server thread/INFO]: [NoCheatPlus] Added block-info for Minecraft 1.6.1 blocks.
[14:53:28] [Server thread/INFO]: [NoCheatPlus] Added block-info for Minecraft 1.7.2 blocks.
[14:53:28] [Server thread/INFO]: [NoCheatPlus] Added block-info for Minecraft 1.8 blocks.
[14:53:29] [Server thread/INFO]: [NoCheatPlus] Inventory checks: FastConsume is available, disabled InstantEat.
[14:53:29] [Server thread/INFO]: [NoCheatPlus] Adding packet level hooks for ProtocolLib (MC 1.8.8)...
[14:53:29] [Server thread/INFO]: [NoCheatPlus] Available (and activated) packet level hooks: UseEntityAdapter | MovingFlying | OutgoingPosition | KeepAliveAdapter | SoundDistance
[14:53:29] [Server thread/WARN]: [NoCheatPlus] Your configuration might be outdated.
Some settings could have changed, you should regenerate it!
[14:53:29] [Server thread/INFO]: [NoCheatPlus] Version 3.13.8-SNAPSHOT-sMD5NET-b930 is enabled.
[14:53:29] [Server thread/INFO]: [ColoredTags] Enabling ColoredTags v2.1.3
[14:53:29] [Server thread/INFO]: [ChestCommands] Enabling ChestCommands v3.1.4
[14:53:29] [Server thread/INFO]: [LimitedWorldEdit] Enabling LimitedWorldEdit v0.3
[14:53:29] [Server thread/INFO]: LimitedWorldEdit:Version 0.3 enabled
[14:53:30] [Server thread/INFO]: Server permissions file permissions.yml is empty, ignoring it
[14:53:30] [Server thread/INFO]: Done (8,898s)! For help, type "help" or "?"
[14:53:30] [Server thread/INFO]: [NoCheatPlus] Post-enable running...
[14:53:30] [Server thread/INFO]: [NoCheatPlus] Post-enable finished.
[14:53:30] [Server thread/INFO]: [ViaVersion] ViaVersion detected server version: 1.8.x(47)
[14:53:30] [pool-3-thread-9/INFO]: [HideStream] Running updater ..
[14:53:31] [pool-3-thread-12/INFO]: [NoCheatPlus] Added hook: AllViolations(NCP) [1.0].
[14:53:33] [pool-3-thread-9/INFO]: [HideStream] No update was found.
[14:53:35] [Server thread/INFO]: [SolarApocalypse] 7.0 Server Lag Detected, Skipping this Update Cycle on world
[14:53:56] [Server thread/WARN]: Can't keep up! Did the system time change, or is the server overloaded? Running 5075ms behind, skipping 101 tick(s)
[14:53:58] [Server thread/INFO]: [SolarApocalypse] 12.0 Server Lag Detected, Skipping this Update Cycle on world
[14:54:01] [pool-3-thread-13/INFO]: [Metrics] Connection timed out: connect
[14:56:53] [Server thread/INFO]: [0;37;22m([0;31;1mУборщица[0;37;22m) [0;37;1mЧерез [0;31;1m1 [0;37;1mминуту я соберу весь [0;32;1mмусор[0;37;22m![m
[14:57:07] [Server thread/INFO]: TefelYT[/127.0.0.1:53353] logged in with entity id 1107 at ([world]1341.5, 74.0, 744.5)
[14:57:22] [Server thread/INFO]: TefelYT issued server command: /day
[14:57:53] [Server thread/INFO]: [0;33;22m[0;37;22m([0;31;1mУборщица[0;37;22m) [0;37;1mУборка мусора закончена.[m
[14:58:32] [Server thread/INFO]: TefelYT issued server command: /servers
[14:58:34] [Server thread/INFO]: [0;34;1mСохранение мира...[m
[14:58:34] [Server thread/INFO]: [AutoSaveWorld] Сохранение мира...
[14:58:34] [Server thread/WARN]: A manual (plugin-induced) save has been detected while server is configured to auto-save. This may affect performance.
[14:58:34] [Server thread/INFO]: [0;34;1mСохранение мира завершено.[m
[14:58:34] [Server thread/INFO]: [AutoSaveWorld] Сохранение мира завершено.
[14:58:35] [Server thread/INFO]: TefelYT lost connection: Disconnected
[14:58:35] [Server thread/INFO]: [0;34;1mСохранение мира...[m
[14:58:35] [Server thread/INFO]: [AutoSaveWorld] Сохранение мира...
[14:58:36] [Server thread/INFO]: [0;34;1mСохранение мира завершено.[m
[14:58:36] [Server thread/INFO]: [AutoSaveWorld] Сохранение мира завершено.
[15:00:00] [Server thread/INFO]: TefelYT[/127.0.0.1:53369] logged in with entity id 26493 at ([world]1334.6153880206339, 68.0, 715.8097293652285)
[15:00:05] [Server thread/INFO]: TefelYT issued server command: /spawn
[15:00:09] [Server thread/INFO]: TefelYT lost connection: Disconnected
[15:00:09] [Server thread/INFO]: [0;34;1mСохранение мира...[m
[15:00:09] [Server thread/INFO]: [AutoSaveWorld] Сохранение мира...
[15:00:10] [Server thread/INFO]: [0;34;1mСохранение мира завершено.[m
[15:00:10] [Server thread/INFO]: [AutoSaveWorld] Сохранение мира завершено.
[15:00:13] [Server thread/INFO]: [0;37;22m([0;31;1mУборщица[0;37;22m) [0;37;1mЧерез [0;31;1m1 [0;37;1mминуту я соберу весь [0;32;1mмусор[0;37;22m![m
[15:00:37] [Server thread/INFO]: Stopping the server
[15:00:37] [Server thread/INFO]: Stopping server
[15:00:37] [Server thread/INFO]: [LimitedWorldEdit] Disabling LimitedWorldEdit v0.3
[15:00:37] [Server thread/INFO]: LimitedWorldEdit: disabled
[15:00:37] [Server thread/INFO]: [ChestCommands] Disabling ChestCommands v3.1.4
[15:00:37] [Server thread/INFO]: [ColoredTags] Disabling ColoredTags v2.1.3
[15:00:37] [Server thread/INFO]: [NoCheatPlus] Disabling NoCheatPlus v3.13.8-SNAPSHOT-sMD5NET-b930
[15:00:37] [Server thread/INFO]: [NoCheatPlus] Removed hook: AllViolations(NCP) [1.0].
[15:00:37] [Server thread/INFO]: Version 3.13.8-SNAPSHOT-sMD5NET-b930 is disabled.
[15:00:37] [Server thread/INFO]: [WorldGuard] Disabling WorldGuard v5.7.5
[15:00:37] [Server thread/INFO]: [ProtocolLib] Disabling ProtocolLib v3.7-SNAPSHOT-b234
[15:00:37] [Server thread/INFO]: [EssentialsSpawn] Disabling EssentialsSpawn vTeamCity
[15:00:37] [Server thread/INFO]: [ChatManager] Disabling ChatManager v1.19.1
[15:00:37] [Server thread/INFO]: [ChatManager] ChatManager disabled!
[15:00:37] [Server thread/INFO]: [UralClans] Disabling UralClans v1.0
[15:00:37] [Server thread/INFO]: [0;32;1m[UralClans] Плагин выключен.[m
[15:00:37] [Server thread/INFO]: [HideStream] Disabling HideStream v3.8
[15:00:37] [Server thread/INFO]: [HideStream] Version 3.8 disabled.
[15:00:37] [Server thread/INFO]: [Vault] Disabling Vault v1.2.25-b320
[15:00:37] [Server thread/INFO]: [ViaVersion] Disabling ViaVersion v1.5.2
[15:00:37] [Server thread/INFO]: [ViaVersion] ViaVersion is disabling, if this is a reload and you experience issues consider rebooting.
[15:00:37] [Server thread/INFO]: [SolarApocalypse] Disabling SolarApocalypse v2.3.4
[15:00:37] [Server thread/INFO]: [NoWither] Disabling NoWither v1.2
[15:00:37] [Server thread/INFO]: [NoWither] NoWither has been disabled.
[15:00:37] [Server thread/INFO]: [AutoMessage] Disabling AutoMessage v2.0.5
[15:00:37] [Server thread/INFO]: [PermissionsEx] Disabling PermissionsEx v1.19.5
[15:00:37] [Server thread/INFO]: WEPIF: PermissionsEx detected! Using PermissionsEx for permissions.
[15:00:37] [Server thread/INFO]: Permissions file successfully reloaded
[15:00:37] [Server thread/INFO]: [PermissionsEx] v1.19.5 disabled successfully.
[15:00:37] [Server thread/INFO]: [ClearLag] Disabling ClearLag v2.5.2
[15:00:37] [Server thread/INFO]: Essentials: Using config file enhanced permissions.
[15:00:37] [Server thread/INFO]: Permissions listed in as player-commands will be given to all users.
[15:00:37] [Server thread/INFO]: [ClearLag] Clearlag has been disabled!
[15:00:37] [Server thread/INFO]: [Essentials] Disabling Essentials vTeamCity
[15:00:37] [Server thread/INFO]: [AntiAd] Disabling AntiAd v2.1
[15:00:37] [Server thread/INFO]: [AntiAd] AntiAd Version 2.1 is now Disabled
[15:00:37] [Server thread/INFO]: [SmokeTrail] Disabling SmokeTrail v8.0
[15:00:37] [Server thread/INFO]: [Smoke Trail] is now disabled
[15:00:37] [Server thread/INFO]: [WorldEdit] Disabling WorldEdit v5.5.8-SNAPSHOT
[15:00:37] [Server thread/INFO]: [SkinsRestorer] Disabling SkinsRestorer v10.8
[15:00:37] [Server thread/INFO]: [AutoSaveWorld] Disabling AutoSaveWorld v3.9
[15:00:39] [Server thread/INFO]: [AutoSaveWorld] Version 3.9 is disabled!
[15:00:39] [Server thread/INFO]: Saving players
[15:00:39] [Server thread/INFO]: Saving worlds
[15:00:39] [Server thread/INFO]: Saving chunks for level 'world'/Overworld
[15:00:39] [Server thread/INFO]: Saving chunks for level 'world_ApocRegrow'/Overworld
